<?xml version="1.0" encoding="UTF-8"?>
<testsuite name="br.com.jokenpo.JokenpoTestApplicationTests" tests="1" skipped="0" failures="0" errors="0" timestamp="2020-06-24T17:56:03" hostname="localhost.localdomain" time="0.435">
  <properties/>
  <testcase name="contextLoads()" classname="br.com.jokenpo.JokenpoTestApplicationTests" time="0.435"/>
  <system-out><![CDATA[14:55:57.469 [Test worker] DEBUG org.springframework.test.context.BootstrapUtils - Instantiating CacheAwareContextLoaderDelegate from class [org.springframework.test.context.cache.DefaultCacheAwareContextLoaderDelegate]
14:55:57.497 [Test worker] DEBUG org.springframework.test.context.BootstrapUtils - Instantiating BootstrapContext using constructor [public org.springframework.test.context.support.DefaultBootstrapContext(java.lang.Class,org.springframework.test.context.CacheAwareContextLoaderDelegate)]
14:55:57.567 [Test worker] DEBUG org.springframework.test.context.BootstrapUtils - Instantiating TestContextBootstrapper for test class [br.com.jokenpo.JokenpoTestApplicationTests] from class [org.springframework.boot.test.context.SpringBootTestContextBootstrapper]
14:55:57.598 [Test worker] INFO org.springframework.boot.test.context.SpringBootTestContextBootstrapper - Neither @ContextConfiguration nor @ContextHierarchy found for test class [br.com.jokenpo.JokenpoTestApplicationTests], using SpringBootContextLoader
14:55:57.608 [Test worker] DEBUG org.springframework.test.context.support.AbstractContextLoader - Did not detect default resource location for test class [br.com.jokenpo.JokenpoTestApplicationTests]: class path resource [br/com/jokenpo/JokenpoTestApplicationTests-context.xml] does not exist
14:55:57.609 [Test worker] DEBUG org.springframework.test.context.support.AbstractContextLoader - Did not detect default resource location for test class [br.com.jokenpo.JokenpoTestApplicationTests]: class path resource [br/com/jokenpo/JokenpoTestApplicationTestsContext.groovy] does not exist
14:55:57.610 [Test worker] INFO org.springframework.test.context.support.AbstractContextLoader - Could not detect default resource locations for test class [br.com.jokenpo.JokenpoTestApplicationTests]: no resource found for suffixes {-context.xml, Context.groovy}.
14:55:57.611 [Test worker] INFO org.springframework.test.context.support.AnnotationConfigContextLoaderUtils - Could not detect default configuration classes for test class [br.com.jokenpo.JokenpoTestApplicationTests]: JokenpoTestApplicationTests does not declare any static, non-private, non-final, nested classes annotated with @Configuration.
14:55:57.706 [Test worker] DEBUG org.springframework.test.context.support.ActiveProfilesUtils - Could not find an 'annotation declaring class' for annotation type [org.springframework.test.context.ActiveProfiles] and class [br.com.jokenpo.JokenpoTestApplicationTests]
14:55:57.857 [Test worker] DEBUG org.springframework.context.annotation.ClassPathScanningCandidateComponentProvider - Identified candidate component class: file [/home/dev/eclipseWorkspace/jokenpoTest/build/classes/java/main/br/com/jokenpo/JokenpoTestApplication.class]
14:55:57.860 [Test worker] INFO org.springframework.boot.test.context.SpringBootTestContextBootstrapper - Found @SpringBootConfiguration br.com.jokenpo.JokenpoTestApplication for test class br.com.jokenpo.JokenpoTestApplicationTests
14:55:58.130 [Test worker] DEBUG org.springframework.boot.test.context.SpringBootTestContextBootstrapper - @TestExecutionListeners is not present for class [br.com.jokenpo.JokenpoTestApplicationTests]: using defaults.
14:55:58.132 [Test worker] INFO org.springframework.boot.test.context.SpringBootTestContextBootstrapper - Loaded default TestExecutionListener class names from location [META-INF/spring.factories]: [org.springframework.boot.test.autoconfigure.restdocs.RestDocsTestExecutionListener, org.springframework.boot.test.autoconfigure.web.client.MockRestServiceServerResetTestExecutionListener, org.springframework.boot.test.autoconfigure.web.servlet.MockMvcPrintOnlyOnFailureTestExecutionListener, org.springframework.boot.test.autoconfigure.web.servlet.WebDriverTestExecutionListener, org.springframework.boot.test.autoconfigure.webservices.client.MockWebServiceServerTestExecutionListener, org.springframework.boot.test.mock.mockito.MockitoTestExecutionListener, org.springframework.boot.test.mock.mockito.ResetMocksTestExecutionListener, org.springframework.test.context.web.ServletTestExecutionListener, org.springframework.test.context.support.DirtiesContextBeforeModesTestExecutionListener, org.springframework.test.context.support.DependencyInjectionTestExecutionListener, org.springframework.test.context.support.DirtiesContextTestExecutionListener, org.springframework.test.context.transaction.TransactionalTestExecutionListener, org.springframework.test.context.jdbc.SqlScriptsTestExecutionListener, org.springframework.test.context.event.EventPublishingTestExecutionListener]
14:55:58.160 [Test worker] DEBUG org.springframework.boot.test.context.SpringBootTestContextBootstrapper - Skipping candidate TestExecutionListener [org.springframework.test.context.transaction.TransactionalTestExecutionListener] due to a missing dependency. Specify custom listener classes or make the default listener classes and their required dependencies available. Offending class: [org/springframework/transaction/TransactionDefinition]
14:55:58.163 [Test worker] DEBUG org.springframework.boot.test.context.SpringBootTestContextBootstrapper - Skipping candidate TestExecutionListener [org.springframework.test.context.jdbc.SqlScriptsTestExecutionListener] due to a missing dependency. Specify custom listener classes or make the default listener classes and their required dependencies available. Offending class: [org/springframework/transaction/interceptor/TransactionAttribute]
14:55:58.164 [Test worker] INFO org.springframework.boot.test.context.SpringBootTestContextBootstrapper - Using TestExecutionListeners: [org.springframework.test.context.web.ServletTestExecutionListener@783ae778, org.springframework.test.context.support.DirtiesContextBeforeModesTestExecutionListener@2611832a, org.springframework.boot.test.mock.mockito.MockitoTestExecutionListener@1c1bd8a, org.springframework.boot.test.autoconfigure.SpringBootDependencyInjectionTestExecutionListener@449e8da, org.springframework.test.context.support.DirtiesContextTestExecutionListener@2b67ce0c, org.springframework.test.context.event.EventPublishingTestExecutionListener@1c51099, org.springframework.boot.test.autoconfigure.restdocs.RestDocsTestExecutionListener@de4c0c6, org.springframework.boot.test.autoconfigure.web.client.MockRestServiceServerResetTestExecutionListener@46a0e698, org.springframework.boot.test.autoconfigure.web.servlet.MockMvcPrintOnlyOnFailureTestExecutionListener@53a247ee, org.springframework.boot.test.autoconfigure.web.servlet.WebDriverTestExecutionListener@7a4ac4db, org.springframework.boot.test.autoconfigure.webservices.client.MockWebServiceServerTestExecutionListener@5103d9a4, org.springframework.boot.test.mock.mockito.ResetMocksTestExecutionListener@1056713a]
14:55:58.174 [Test worker] DEBUG org.springframework.test.context.support.AbstractDirtiesContextTestExecutionListener - Before test class: context [DefaultTestContext@1c9e5274 testClass = JokenpoTestApplicationTests, testInstance = [null], testMethod = [null], testException = [null], mergedContextConfiguration = [WebMergedContextConfiguration@202c0315 testClass = JokenpoTestApplicationTests, locations = '{}', classes = '{class br.com.jokenpo.JokenpoTestApplication}', contextInitializerClasses = '[]', activeProfiles = '{}', propertySourceLocations = '{}', propertySourceProperties = '{org.springframework.boot.test.context.SpringBootTestContextBootstrapper=true}', contextCustomizers = set[org.springframework.boot.test.autoconfigure.properties.PropertyMappingContextCustomizer@0, org.springframework.boot.test.autoconfigure.web.servlet.WebDriverContextCustomizerFactory$Customizer@46900396, org.springframework.boot.test.context.filter.ExcludeFilterContextCustomizer@55279616, org.springframework.boot.test.json.DuplicateJsonObjectContextCustomizerFactory$DuplicateJsonObjectContextCustomizer@13e4b0ca, org.springframework.boot.test.mock.mockito.MockitoContextCustomizer@0, org.springframework.boot.test.web.client.TestRestTemplateContextCustomizer@5824a583, org.springframework.boot.test.context.SpringBootTestArgs@1], resourceBasePath = 'src/main/webapp', contextLoader = 'org.springframework.boot.test.context.SpringBootContextLoader', parent = [null]], attributes = map['org.springframework.test.context.web.ServletTestExecutionListener.activateListener' -> true]], class annotated with @DirtiesContext [false] with mode [null].
14:55:58.262 [Test worker] DEBUG org.springframework.test.context.support.TestPropertySourceUtils - Adding inlined properties to environment: {spring.jmx.enabled=false, org.springframework.boot.test.context.SpringBootTestContextBootstrapper=true}

  .   ____          _            __ _ _
 /\\ / ___'_ __ _ _(_)_ __  __ _ \ \ \ \
( ( )\___ | '_ | '_| | '_ \/ _` | \ \ \ \
 \\/  ___)| |_)| | | | | || (_| |  ) ) ) )
  '  |____| .__|_| |_|_| |_\__, | / / / /
 =========|_|==============|___/=/_/_/_/
 :: Spring Boot ::        (v2.3.1.RELEASE)

2020-06-24 14:55:59.126  INFO 23809 --- [    Test worker] b.c.jokenpo.JokenpoTestApplicationTests  : Starting JokenpoTestApplicationTests on localhost.localdomain with PID 23809 (started by dev in /home/dev/eclipseWorkspace/jokenpoTest)
2020-06-24 14:55:59.129  INFO 23809 --- [    Test worker] b.c.jokenpo.JokenpoTestApplicationTests  : No active profile set, falling back to default profiles: default
2020-06-24 14:56:02.486  INFO 23809 --- [    Test worker] o.s.s.concurrent.ThreadPoolTaskExecutor  : Initializing ExecutorService 'applicationTaskExecutor'
2020-06-24 14:56:03.177  INFO 23809 --- [    Test worker] b.c.jokenpo.JokenpoTestApplicationTests  : Started JokenpoTestApplicationTests in 4.892 seconds (JVM running for 7.626)
]]></system-out>
  <system-err><![CDATA[]]></system-err>
</testsuite>
