<?xml version="1.0" encoding="UTF-8"?>
<testsuite name="br.com.jokenpo.JokenpoTestApplicationTests" tests="1" skipped="0" failures="0" errors="0" timestamp="2020-06-23T14:47:14" hostname="localhost.localdomain" time="1.701">
  <properties/>
  <testcase name="contextLoads()" classname="br.com.jokenpo.JokenpoTestApplicationTests" time="1.701"/>
  <system-out><![CDATA[11:47:09.155 [Test worker] DEBUG org.springframework.test.context.BootstrapUtils - Instantiating CacheAwareContextLoaderDelegate from class [org.springframework.test.context.cache.DefaultCacheAwareContextLoaderDelegate]
11:47:09.185 [Test worker] DEBUG org.springframework.test.context.BootstrapUtils - Instantiating BootstrapContext using constructor [public org.springframework.test.context.support.DefaultBootstrapContext(java.lang.Class,org.springframework.test.context.CacheAwareContextLoaderDelegate)]
11:47:09.254 [Test worker] DEBUG org.springframework.test.context.BootstrapUtils - Instantiating TestContextBootstrapper for test class [br.com.jokenpo.JokenpoTestApplicationTests] from class [org.springframework.boot.test.context.SpringBootTestContextBootstrapper]
11:47:09.284 [Test worker] INFO org.springframework.boot.test.context.SpringBootTestContextBootstrapper - Neither @ContextConfiguration nor @ContextHierarchy found for test class [br.com.jokenpo.JokenpoTestApplicationTests], using SpringBootContextLoader
11:47:09.293 [Test worker] DEBUG org.springframework.test.context.support.AbstractContextLoader - Did not detect default resource location for test class [br.com.jokenpo.JokenpoTestApplicationTests]: class path resource [br/com/jokenpo/JokenpoTestApplicationTests-context.xml] does not exist
11:47:09.294 [Test worker] DEBUG org.springframework.test.context.support.AbstractContextLoader - Did not detect default resource location for test class [br.com.jokenpo.JokenpoTestApplicationTests]: class path resource [br/com/jokenpo/JokenpoTestApplicationTestsContext.groovy] does not exist
11:47:09.295 [Test worker] INFO org.springframework.test.context.support.AbstractContextLoader - Could not detect default resource locations for test class [br.com.jokenpo.JokenpoTestApplicationTests]: no resource found for suffixes {-context.xml, Context.groovy}.
11:47:09.297 [Test worker] INFO org.springframework.test.context.support.AnnotationConfigContextLoaderUtils - Could not detect default configuration classes for test class [br.com.jokenpo.JokenpoTestApplicationTests]: JokenpoTestApplicationTests does not declare any static, non-private, non-final, nested classes annotated with @Configuration.
11:47:09.402 [Test worker] DEBUG org.springframework.test.context.support.ActiveProfilesUtils - Could not find an 'annotation declaring class' for annotation type [org.springframework.test.context.ActiveProfiles] and class [br.com.jokenpo.JokenpoTestApplicationTests]
11:47:09.542 [Test worker] DEBUG org.springframework.context.annotation.ClassPathScanningCandidateComponentProvider - Identified candidate component class: file [/home/dev/eclipseWorkspace/jokenpoTest/build/classes/java/main/br/com/jokenpo/JokenpoTestApplication.class]
11:47:09.545 [Test worker] INFO org.springframework.boot.test.context.SpringBootTestContextBootstrapper - Found @SpringBootConfiguration br.com.jokenpo.JokenpoTestApplication for test class br.com.jokenpo.JokenpoTestApplicationTests
11:47:09.824 [Test worker] DEBUG org.springframework.boot.test.context.SpringBootTestContextBootstrapper - @TestExecutionListeners is not present for class [br.com.jokenpo.JokenpoTestApplicationTests]: using defaults.
11:47:09.826 [Test worker] INFO org.springframework.boot.test.context.SpringBootTestContextBootstrapper - Loaded default TestExecutionListener class names from location [META-INF/spring.factories]: [org.springframework.boot.test.autoconfigure.restdocs.RestDocsTestExecutionListener, org.springframework.boot.test.autoconfigure.web.client.MockRestServiceServerResetTestExecutionListener, org.springframework.boot.test.autoconfigure.web.servlet.MockMvcPrintOnlyOnFailureTestExecutionListener, org.springframework.boot.test.autoconfigure.web.servlet.WebDriverTestExecutionListener, org.springframework.boot.test.autoconfigure.webservices.client.MockWebServiceServerTestExecutionListener, org.springframework.boot.test.mock.mockito.MockitoTestExecutionListener, org.springframework.boot.test.mock.mockito.ResetMocksTestExecutionListener, org.springframework.test.context.web.ServletTestExecutionListener, org.springframework.test.context.support.DirtiesContextBeforeModesTestExecutionListener, org.springframework.test.context.support.DependencyInjectionTestExecutionListener, org.springframework.test.context.support.DirtiesContextTestExecutionListener, org.springframework.test.context.transaction.TransactionalTestExecutionListener, org.springframework.test.context.jdbc.SqlScriptsTestExecutionListener, org.springframework.test.context.event.EventPublishingTestExecutionListener]
11:47:09.856 [Test worker] DEBUG org.springframework.boot.test.context.SpringBootTestContextBootstrapper - Skipping candidate TestExecutionListener [org.springframework.test.context.transaction.TransactionalTestExecutionListener] due to a missing dependency. Specify custom listener classes or make the default listener classes and their required dependencies available. Offending class: [org/springframework/transaction/TransactionDefinition]
11:47:09.859 [Test worker] DEBUG org.springframework.boot.test.context.SpringBootTestContextBootstrapper - Skipping candidate TestExecutionListener [org.springframework.test.context.jdbc.SqlScriptsTestExecutionListener] due to a missing dependency. Specify custom listener classes or make the default listener classes and their required dependencies available. Offending class: [org/springframework/transaction/interceptor/TransactionAttribute]
11:47:09.860 [Test worker] INFO org.springframework.boot.test.context.SpringBootTestContextBootstrapper - Using TestExecutionListeners: [org.springframework.test.context.web.ServletTestExecutionListener@455d0df1, org.springframework.test.context.support.DirtiesContextBeforeModesTestExecutionListener@5ede0f9a, org.springframework.boot.test.mock.mockito.MockitoTestExecutionListener@4fe24b3e, org.springframework.boot.test.autoconfigure.SpringBootDependencyInjectionTestExecutionListener@588f10d4, org.springframework.test.context.support.DirtiesContextTestExecutionListener@7590acb1, org.springframework.test.context.event.EventPublishingTestExecutionListener@5b1cdf46, org.springframework.boot.test.autoconfigure.restdocs.RestDocsTestExecutionListener@6fad4a0, org.springframework.boot.test.autoconfigure.web.client.MockRestServiceServerResetTestExecutionListener@26d36d1b, org.springframework.boot.test.autoconfigure.web.servlet.MockMvcPrintOnlyOnFailureTestExecutionListener@56d6b854, org.springframework.boot.test.autoconfigure.web.servlet.WebDriverTestExecutionListener@6b8dab27, org.springframework.boot.test.autoconfigure.webservices.client.MockWebServiceServerTestExecutionListener@3b022d22, org.springframework.boot.test.mock.mockito.ResetMocksTestExecutionListener@60434ec]
11:47:09.872 [Test worker] DEBUG org.springframework.test.context.support.AbstractDirtiesContextTestExecutionListener - Before test class: context [DefaultTestContext@6d40bfab testClass = JokenpoTestApplicationTests, testInstance = [null], testMethod = [null], testException = [null], mergedContextConfiguration = [WebMergedContextConfiguration@5b3d0e30 testClass = JokenpoTestApplicationTests, locations = '{}', classes = '{class br.com.jokenpo.JokenpoTestApplication}', contextInitializerClasses = '[]', activeProfiles = '{}', propertySourceLocations = '{}', propertySourceProperties = '{org.springframework.boot.test.context.SpringBootTestContextBootstrapper=true}', contextCustomizers = set[org.springframework.boot.test.autoconfigure.properties.PropertyMappingContextCustomizer@0, org.springframework.boot.test.autoconfigure.web.servlet.WebDriverContextCustomizerFactory$Customizer@78830693, org.springframework.boot.test.context.filter.ExcludeFilterContextCustomizer@1c3c0c66, org.springframework.boot.test.json.DuplicateJsonObjectContextCustomizerFactory$DuplicateJsonObjectContextCustomizer@21c9530d, org.springframework.boot.test.mock.mockito.MockitoContextCustomizer@0, org.springframework.boot.test.web.client.TestRestTemplateContextCustomizer@3680a30f, org.springframework.boot.test.context.SpringBootTestArgs@1], resourceBasePath = 'src/main/webapp', contextLoader = 'org.springframework.boot.test.context.SpringBootContextLoader', parent = [null]], attributes = map['org.springframework.test.context.web.ServletTestExecutionListener.activateListener' -> true]], class annotated with @DirtiesContext [false] with mode [null].
11:47:09.967 [Test worker] DEBUG org.springframework.test.context.support.TestPropertySourceUtils - Adding inlined properties to environment: {spring.jmx.enabled=false, org.springframework.boot.test.context.SpringBootTestContextBootstrapper=true}

  .   ____          _            __ _ _
 /\\ / ___'_ __ _ _(_)_ __  __ _ \ \ \ \
( ( )\___ | '_ | '_| | '_ \/ _` | \ \ \ \
 \\/  ___)| |_)| | | | | || (_| |  ) ) ) )
  '  |____| .__|_| |_|_| |_\__, | / / / /
 =========|_|==============|___/=/_/_/_/
 :: Spring Boot ::        (v2.3.1.RELEASE)

2020-06-23 11:47:11.002  INFO 20303 --- [    Test worker] b.c.jokenpo.JokenpoTestApplicationTests  : Starting JokenpoTestApplicationTests on localhost.localdomain with PID 20303 (started by dev in /home/dev/eclipseWorkspace/jokenpoTest)
2020-06-23 11:47:11.005  INFO 20303 --- [    Test worker] b.c.jokenpo.JokenpoTestApplicationTests  : No active profile set, falling back to default profiles: default
2020-06-23 11:47:13.894  INFO 20303 --- [    Test worker] o.s.s.concurrent.ThreadPoolTaskExecutor  : Initializing ExecutorService 'applicationTaskExecutor'
2020-06-23 11:47:14.706  INFO 20303 --- [    Test worker] b.c.jokenpo.JokenpoTestApplicationTests  : Started JokenpoTestApplicationTests in 4.714 seconds (JVM running for 7.871)
]]></system-out>
  <system-err><![CDATA[]]></system-err>
</testsuite>
