<?xml version="1.0" encoding="UTF-8"?>
<testsuite name="br.com.jokenpo.JokenpoTestApplicationTests" tests="1" skipped="0" failures="0" errors="0" timestamp="2020-06-25T18:50:08" hostname="localhost.localdomain" time="0.558">
  <properties/>
  <testcase name="contextLoads()" classname="br.com.jokenpo.JokenpoTestApplicationTests" time="0.558"/>
  <system-out><![CDATA[15:50:03.062 [Test worker] DEBUG org.springframework.test.context.BootstrapUtils - Instantiating CacheAwareContextLoaderDelegate from class [org.springframework.test.context.cache.DefaultCacheAwareContextLoaderDelegate]
15:50:03.093 [Test worker] DEBUG org.springframework.test.context.BootstrapUtils - Instantiating BootstrapContext using constructor [public org.springframework.test.context.support.DefaultBootstrapContext(java.lang.Class,org.springframework.test.context.CacheAwareContextLoaderDelegate)]
15:50:03.167 [Test worker] DEBUG org.springframework.test.context.BootstrapUtils - Instantiating TestContextBootstrapper for test class [br.com.jokenpo.JokenpoTestApplicationTests] from class [org.springframework.boot.test.context.SpringBootTestContextBootstrapper]
15:50:03.199 [Test worker] INFO org.springframework.boot.test.context.SpringBootTestContextBootstrapper - Neither @ContextConfiguration nor @ContextHierarchy found for test class [br.com.jokenpo.JokenpoTestApplicationTests], using SpringBootContextLoader
15:50:03.208 [Test worker] DEBUG org.springframework.test.context.support.AbstractContextLoader - Did not detect default resource location for test class [br.com.jokenpo.JokenpoTestApplicationTests]: class path resource [br/com/jokenpo/JokenpoTestApplicationTests-context.xml] does not exist
15:50:03.209 [Test worker] DEBUG org.springframework.test.context.support.AbstractContextLoader - Did not detect default resource location for test class [br.com.jokenpo.JokenpoTestApplicationTests]: class path resource [br/com/jokenpo/JokenpoTestApplicationTestsContext.groovy] does not exist
15:50:03.210 [Test worker] INFO org.springframework.test.context.support.AbstractContextLoader - Could not detect default resource locations for test class [br.com.jokenpo.JokenpoTestApplicationTests]: no resource found for suffixes {-context.xml, Context.groovy}.
15:50:03.211 [Test worker] INFO org.springframework.test.context.support.AnnotationConfigContextLoaderUtils - Could not detect default configuration classes for test class [br.com.jokenpo.JokenpoTestApplicationTests]: JokenpoTestApplicationTests does not declare any static, non-private, non-final, nested classes annotated with @Configuration.
15:50:03.321 [Test worker] DEBUG org.springframework.test.context.support.ActiveProfilesUtils - Could not find an 'annotation declaring class' for annotation type [org.springframework.test.context.ActiveProfiles] and class [br.com.jokenpo.JokenpoTestApplicationTests]
15:50:03.476 [Test worker] DEBUG org.springframework.context.annotation.ClassPathScanningCandidateComponentProvider - Identified candidate component class: file [/home/dev/eclipseWorkspace/jokenpoTest/build/classes/java/main/br/com/jokenpo/JokenpoTestApplication.class]
15:50:03.479 [Test worker] INFO org.springframework.boot.test.context.SpringBootTestContextBootstrapper - Found @SpringBootConfiguration br.com.jokenpo.JokenpoTestApplication for test class br.com.jokenpo.JokenpoTestApplicationTests
15:50:03.751 [Test worker] DEBUG org.springframework.boot.test.context.SpringBootTestContextBootstrapper - @TestExecutionListeners is not present for class [br.com.jokenpo.JokenpoTestApplicationTests]: using defaults.
15:50:03.753 [Test worker] INFO org.springframework.boot.test.context.SpringBootTestContextBootstrapper - Loaded default TestExecutionListener class names from location [META-INF/spring.factories]: [org.springframework.boot.test.autoconfigure.restdocs.RestDocsTestExecutionListener, org.springframework.boot.test.autoconfigure.web.client.MockRestServiceServerResetTestExecutionListener, org.springframework.boot.test.autoconfigure.web.servlet.MockMvcPrintOnlyOnFailureTestExecutionListener, org.springframework.boot.test.autoconfigure.web.servlet.WebDriverTestExecutionListener, org.springframework.boot.test.autoconfigure.webservices.client.MockWebServiceServerTestExecutionListener, org.springframework.boot.test.mock.mockito.MockitoTestExecutionListener, org.springframework.boot.test.mock.mockito.ResetMocksTestExecutionListener, org.springframework.test.context.web.ServletTestExecutionListener, org.springframework.test.context.support.DirtiesContextBeforeModesTestExecutionListener, org.springframework.test.context.support.DependencyInjectionTestExecutionListener, org.springframework.test.context.support.DirtiesContextTestExecutionListener, org.springframework.test.context.transaction.TransactionalTestExecutionListener, org.springframework.test.context.jdbc.SqlScriptsTestExecutionListener, org.springframework.test.context.event.EventPublishingTestExecutionListener]
15:50:03.780 [Test worker] DEBUG org.springframework.boot.test.context.SpringBootTestContextBootstrapper - Skipping candidate TestExecutionListener [org.springframework.test.context.transaction.TransactionalTestExecutionListener] due to a missing dependency. Specify custom listener classes or make the default listener classes and their required dependencies available. Offending class: [org/springframework/transaction/TransactionDefinition]
15:50:03.782 [Test worker] DEBUG org.springframework.boot.test.context.SpringBootTestContextBootstrapper - Skipping candidate TestExecutionListener [org.springframework.test.context.jdbc.SqlScriptsTestExecutionListener] due to a missing dependency. Specify custom listener classes or make the default listener classes and their required dependencies available. Offending class: [org/springframework/transaction/interceptor/TransactionAttribute]
15:50:03.783 [Test worker] INFO org.springframework.boot.test.context.SpringBootTestContextBootstrapper - Using TestExecutionListeners: [org.springframework.test.context.web.ServletTestExecutionListener@66622ad2, org.springframework.test.context.support.DirtiesContextBeforeModesTestExecutionListener@6d9922eb, org.springframework.boot.test.mock.mockito.MockitoTestExecutionListener@108f0530, org.springframework.boot.test.autoconfigure.SpringBootDependencyInjectionTestExecutionListener@1a04931a, org.springframework.test.context.support.DirtiesContextTestExecutionListener@6d471e32, org.springframework.test.context.event.EventPublishingTestExecutionListener@496de70b, org.springframework.boot.test.autoconfigure.restdocs.RestDocsTestExecutionListener@21a3dd93, org.springframework.boot.test.autoconfigure.web.client.MockRestServiceServerResetTestExecutionListener@1f0116fe, org.springframework.boot.test.autoconfigure.web.servlet.MockMvcPrintOnlyOnFailureTestExecutionListener@4ae23da2, org.springframework.boot.test.autoconfigure.web.servlet.WebDriverTestExecutionListener@6c11ce4a, org.springframework.boot.test.autoconfigure.webservices.client.MockWebServiceServerTestExecutionListener@53e1c91e, org.springframework.boot.test.mock.mockito.ResetMocksTestExecutionListener@44c0837a]
15:50:03.796 [Test worker] DEBUG org.springframework.test.context.support.AbstractDirtiesContextTestExecutionListener - Before test class: context [DefaultTestContext@4f98d378 testClass = JokenpoTestApplicationTests, testInstance = [null], testMethod = [null], testException = [null], mergedContextConfiguration = [WebMergedContextConfiguration@34fa6a87 testClass = JokenpoTestApplicationTests, locations = '{}', classes = '{class br.com.jokenpo.JokenpoTestApplication}', contextInitializerClasses = '[]', activeProfiles = '{}', propertySourceLocations = '{}', propertySourceProperties = '{org.springframework.boot.test.context.SpringBootTestContextBootstrapper=true}', contextCustomizers = set[org.springframework.boot.test.autoconfigure.properties.PropertyMappingContextCustomizer@0, org.springframework.boot.test.autoconfigure.web.servlet.WebDriverContextCustomizerFactory$Customizer@54d81e8f, org.springframework.boot.test.context.filter.ExcludeFilterContextCustomizer@3c07e80e, org.springframework.boot.test.json.DuplicateJsonObjectContextCustomizerFactory$DuplicateJsonObjectContextCustomizer@5ccd0f9a, org.springframework.boot.test.mock.mockito.MockitoContextCustomizer@0, org.springframework.boot.test.web.client.TestRestTemplateContextCustomizer@7acd21d0, org.springframework.boot.test.context.SpringBootTestArgs@1], resourceBasePath = 'src/main/webapp', contextLoader = 'org.springframework.boot.test.context.SpringBootContextLoader', parent = [null]], attributes = map['org.springframework.test.context.web.ServletTestExecutionListener.activateListener' -> true]], class annotated with @DirtiesContext [false] with mode [null].
15:50:03.889 [Test worker] DEBUG org.springframework.test.context.support.TestPropertySourceUtils - Adding inlined properties to environment: {spring.jmx.enabled=false, org.springframework.boot.test.context.SpringBootTestContextBootstrapper=true}

  .   ____          _            __ _ _
 /\\ / ___'_ __ _ _(_)_ __  __ _ \ \ \ \
( ( )\___ | '_ | '_| | '_ \/ _` | \ \ \ \
 \\/  ___)| |_)| | | | | || (_| |  ) ) ) )
  '  |____| .__|_| |_|_| |_\__, | / / / /
 =========|_|==============|___/=/_/_/_/
 :: Spring Boot ::        (v2.3.1.RELEASE)

2020-06-25 15:50:04.850  INFO 60466 --- [    Test worker] b.c.jokenpo.JokenpoTestApplicationTests  : Starting JokenpoTestApplicationTests on localhost.localdomain with PID 60466 (started by dev in /home/dev/eclipseWorkspace/jokenpoTest)
2020-06-25 15:50:04.853  INFO 60466 --- [    Test worker] b.c.jokenpo.JokenpoTestApplicationTests  : No active profile set, falling back to default profiles: default
2020-06-25 15:50:07.727  INFO 60466 --- [    Test worker] o.s.s.concurrent.ThreadPoolTaskExecutor  : Initializing ExecutorService 'applicationTaskExecutor'
2020-06-25 15:50:08.421  INFO 60466 --- [    Test worker] b.c.jokenpo.JokenpoTestApplicationTests  : Started JokenpoTestApplicationTests in 4.509 seconds (JVM running for 7.327)
]]></system-out>
  <system-err><![CDATA[]]></system-err>
</testsuite>
